<?xml version="1.0" encoding="UTF-8"?>
<!-- Generated by org.testng.reporters.JUnitReportReporter -->
<testsuite hostname="ShashankSurface" failures="0" tests="1" name="Payin.Routing.Payin_OpenApi" time="3.817" errors="0" timestamp="2025-02-28T15:02:56 IST" skipped="0">
  <testcase classname="Payin.Routing.Payin_OpenApi" name="Direct_Transfer" time="3.817"/>
  <system-out/>
</testsuite> <!-- Payin.Routing.Payin_OpenApi -->
