<?xml version="1.0" encoding="UTF-8"?>
<!-- Generated by org.testng.reporters.JUnitReportReporter -->
<testsuite hostname="ShashankSurface" failures="0" tests="1" name="Payin.Routing.Payin_OpenApi" time="2.318" errors="0" timestamp="2025-03-03T11:30:58 IST" skipped="0">
  <testcase classname="Payin.Routing.Payin_OpenApi" name="Direct_Transfer" time="2.318"/>
</testsuite> <!-- Payin.Routing.Payin_OpenApi -->
